[2025-06-19T00:23:56.471Z] CMD M105 Received.
T0:244 /245 B:85/85

[2025-06-19T00:24:01.488Z] CMD M27 Received.
SD printing byte 40/100

[2025-06-19T00:24:06.505Z] CMD M119 Received.
Endstop: X-max:0 Y-max:0 Z-max:0
MachineStatus: BUILDING_FROM_SD
MoveMode: MOVING
Status: S:0 L:0 J:0 F:0

[2025-06-19T00:24:11.522Z] CMD M105 Received.
T0:244 /245 B:85/85

[2025-06-19T00:24:16.541Z] CMD M27 Received.
SD printing byte 40/100

[2025-06-19T00:24:21.557Z] CMD M119 Received.
Endstop: X-max:0 Y-max:0 Z-max:0
MachineStatus: BUILDING_FROM_SD
MoveMode: MOVING
Status: S:0 L:0 J:0 F:0

[2025-06-19T00:24:26.576Z] CMD M105 Received.
T0:244 /245 B:85/85

[2025-06-19T00:24:31.695Z] CMD M27 Received.
SD printing byte 40/100

[2025-06-19T00:24:36.611Z] CMD M119 Received.
Endstop: X-max:0 Y-max:0 Z-max:0
MachineStatus: BUILDING_FROM_SD
MoveMode: MOVING
Status: S:0 L:0 J:0 F:0

[2025-06-19T00:24:41.734Z] CMD M105 Received.
T0:244 /245 B:85/85

[2025-06-19T00:24:46.748Z] CMD M27 Received.
SD printing byte 41/100

[2025-06-19T00:24:51.773Z] CMD M119 Received.
Endstop: X-max:0 Y-max:0 Z-max:0
MachineStatus: BUILDING_FROM_SD
MoveMode: MOVING
Status: S:0 L:0 J:0 F:0

[2025-06-19T00:24:56.785Z] CMD M105 Received.
T0:245 /245 B:84/85

[2025-06-19T00:25:01.805Z] CMD M27 Received.
SD printing byte 41/100

[2025-06-19T00:25:06.819Z] CMD M119 Received.
Endstop: X-max:0 Y-max:0 Z-max:0
MachineStatus: BUILDING_FROM_SD
MoveMode: MOVING
Status: S:0 L:0 J:0 F:0

[2025-06-19T00:25:11.837Z] CMD M105 Received.
T0:244 /245 B:84/85

[2025-06-19T00:25:16.856Z] CMD M27 Received.
SD printing byte 41/100

[2025-06-19T00:25:21.872Z] CMD M119 Received.
Endstop: X-max:0 Y-max:0 Z-max:0
MachineStatus: BUILDING_FROM_SD
MoveMode: MOVING
Status: S:0 L:0 J:0 F:0

[2025-06-19T00:25:26.890Z] CMD M105 Received.
T0:244 /245 B:84/85

[2025-06-19T00:25:31.912Z] CMD M27 Received.
SD printing byte 41/100

[2025-06-19T00:25:36.925Z] CMD M119 Received.
Endstop: X-max:0 Y-max:0 Z-max:0
MachineStatus: BUILDING_FROM_SD
MoveMode: MOVING
Status: S:0 L:0 J:0 F:0

[2025-06-19T00:25:41.944Z] CMD M105 Received.
T0:244 /245 B:84/85

[2025-06-19T00:25:46.965Z] CMD M27 Received.
SD printing byte 41/100

[2025-06-19T00:25:51.982Z] CMD M119 Received.
Endstop: X-max:0 Y-max:0 Z-max:0
MachineStatus: BUILDING_FROM_SD
MoveMode: MOVING
Status: S:0 L:0 J:0 F:0

[2025-06-19T00:25:56.998Z] CMD M105 Received.
T0:244 /245 B:84/85

[2025-06-19T00:26:02.016Z] CMD M27 Received.
SD printing byte 41/100

[2025-06-19T00:26:25.056Z] CMD M105 Received.
T0:244 /245 B:84/85

